  ArrivalEvent.cpp
C:\Users\dell\Desktop\Project\Data Structure\DT-Project\Restaurant\PiriortyQueue.h(9,6): error C2143: syntax error: missing ';' before '<'
C:\Users\dell\Desktop\Project\Data Structure\DT-Project\Restaurant\PiriortyQueue.h(20): message : see reference to class template instantiation 'PiriorityQueue<Type>' being compiled
C:\Users\dell\Desktop\Project\Data Structure\DT-Project\Restaurant\PiriortyQueue.h(9,1): error C4430: missing type specifier - int assumed. Note: C++ does not support default-int
C:\Users\dell\Desktop\Project\Data Structure\DT-Project\Restaurant\PiriortyQueue.h(9,1): error C2238: unexpected token(s) preceding ';'
C:\Users\dell\Desktop\Project\Data Structure\DT-Project\Restaurant\Events\ArrivalEvent.cpp(32,33): warning C4244: 'argument': conversion from 'float' to 'int', possible loss of data
C:\Users\dell\Desktop\Project\Data Structure\DT-Project\Restaurant\Events\ArrivalEvent.cpp(35,32): warning C4244: 'argument': conversion from 'float' to 'int', possible loss of data
C:\Users\dell\Desktop\Project\Data Structure\DT-Project\Restaurant\Events\ArrivalEvent.cpp(38,30): warning C4244: 'argument': conversion from 'float' to 'int', possible loss of data
  Restaurant.cpp
C:\Users\dell\Desktop\Project\Data Structure\DT-Project\Restaurant\Rest\Restaurant.cpp(103,20): warning C4244: 'initializing': conversion from 'int' to 'float', possible loss of data
C:\Users\dell\Desktop\Project\Data Structure\DT-Project\Restaurant\Rest\Restaurant.cpp(141,3): error C2360: initialization of 'Equation' is skipped by 'case' label
C:\Users\dell\Desktop\Project\Data Structure\DT-Project\Restaurant\Rest\Restaurant.cpp(103): message : see declaration of 'Equation'
C:\Users\dell\Desktop\Project\Data Structure\DT-Project\Restaurant\Rest\Restaurant.cpp(148,3): error C2360: initialization of 'Equation' is skipped by 'case' label
C:\Users\dell\Desktop\Project\Data Structure\DT-Project\Restaurant\Rest\Restaurant.cpp(103): message : see declaration of 'Equation'
C:\Users\dell\Desktop\Project\Data Structure\DT-Project\Restaurant\Rest\Restaurant.cpp(155,3): error C2361: initialization of 'Equation' is skipped by 'default' label
C:\Users\dell\Desktop\Project\Data Structure\DT-Project\Restaurant\Rest\Restaurant.cpp(103): message : see declaration of 'Equation'
C:\Users\dell\Desktop\Project\Data Structure\DT-Project\Restaurant\Rest\Restaurant.cpp(282,12): warning C4244: 'argument': conversion from 'time_t' to 'unsigned int', possible loss of data
C:\Users\dell\Desktop\Project\Data Structure\DT-Project\Restaurant\Rest\Restaurant.cpp(336,1): warning C4996: 'itoa': The POSIX name for this item is deprecated. Instead, use the ISO C and C++ conformant name: _itoa. See online help for details.
C:\Program Files (x86)\Windows Kits\10\Include\10.0.18362.0\ucrt\stdlib.h(1323): message : see declaration of 'itoa'
C:\Users\dell\Desktop\Project\Data Structure\DT-Project\Restaurant\Rest\Restaurant.cpp(415,1): warning C4996: 'itoa': The POSIX name for this item is deprecated. Instead, use the ISO C and C++ conformant name: _itoa. See online help for details.
C:\Program Files (x86)\Windows Kits\10\Include\10.0.18362.0\ucrt\stdlib.h(1323): message : see declaration of 'itoa'
  Generating Code...
